gyp info it worked if it ends with ok
gyp info using node-gyp@8.2.0
gyp info using node@16.11.1 | win32 | x64
gyp info find Python using Python version 3.10.0 found at "C:\Python310\python.exe"
gyp info find VS using VS2019 (16.8.30717.126) found at:
gyp info find VS "C:\Program Files (x86)\Microsoft Visual Studio\2019\Community"
gyp info find VS run with --verbose for detailed information
gyp info spawn C:\Python310\python.exe
gyp info spawn args [
gyp info spawn args   'C:\\Program Files\\nodejs\\node_modules\\npm\\node_modules\\node-gyp\\gyp\\gyp_main.py',
gyp info spawn args   'binding.gyp',
gyp info spawn args   '-f',
gyp info spawn args   'msvs',
gyp info spawn args   '-I',
gyp info spawn args   'C:\\0_me\\webtrc_sha\\node_modules\\uws\\build\\config.gypi',
gyp info spawn args   '-I',
gyp info spawn args   'C:\\Program Files\\nodejs\\node_modules\\npm\\node_modules\\node-gyp\\addon.gypi',
gyp info spawn args   '-I',
gyp info spawn args   'C:\\Users\\sha\\AppData\\Local\\node-gyp\\Cache\\16.11.1\\include\\node\\common.gypi',
gyp info spawn args   '-Dlibrary=shared_library',
gyp info spawn args   '-Dvisibility=default',
gyp info spawn args   '-Dnode_root_dir=C:\\Users\\sha\\AppData\\Local\\node-gyp\\Cache\\16.11.1',
gyp info spawn args   '-Dnode_gyp_dir=C:\\Program Files\\nodejs\\node_modules\\npm\\node_modules\\node-gyp',
gyp info spawn args   '-Dnode_lib_file=C:\\\\Users\\\\sha\\\\AppData\\\\Local\\\\node-gyp\\\\Cache\\\\16.11.1\\\\<(target_arch)\\\\node.lib',
gyp info spawn args   '-Dmodule_root_dir=C:\\0_me\\webtrc_sha\\node_modules\\uws',
gyp info spawn args   '-Dnode_engine=v8',
gyp info spawn args   '--depth=.',
gyp info spawn args   '--no-parallel',
gyp info spawn args   '--generator-output',
gyp info spawn args   'C:\\0_me\\webtrc_sha\\node_modules\\uws\\build',
gyp info spawn args   '-Goutput_dir=.'
gyp info spawn args ]
gyp info spawn C:\Program Files (x86)\Microsoft Visual Studio\2019\Community\MSBuild\Current\Bin\MSBuild.exe
gyp info spawn args [
gyp info spawn args   'build/binding.sln',
gyp info spawn args   '/clp:Verbosity=minimal',
gyp info spawn args   '/nologo',
gyp info spawn args   '/p:Configuration=Release;Platform=x64'
gyp info spawn args ]
在此解决方案中一次生成一个项目。若要启用并行生成，请添加“-m”开关。
  Extensions.cpp
  Group.cpp
  Networking.cpp
  Hub.cpp
C:\0_me\webtrc_sha\node_modules\uws\src\Hub.cpp(127,17): warning C4530: 使用了 C++ 异常处理程序，但未启用展开语义。请指定 /EHsc [C:\0_me\webtrc_sha\node_modules\uws\build\uws.vcxproj]
  Node.cpp
  WebSocket.cpp
  HTTPSocket.cpp
  Socket.cpp
  addon.cpp
C:\0_me\webtrc_sha\node_modules\uws\src\addon.h(21,15): warning C4996: 'node::MakeCallback': 被声明为已否决 [C:\0_me\webtrc_sha\node_modules\uws\build\uws.vcxproj]
C:\0_me\webtrc_sha\node_modules\uws\src\addon.h(37,1): error C2664: “v8::String::Utf8Value::Utf8Value(const v8::String::Utf8Value &)”: 无法将参数 1 从“const v8::Local<v8::Value>”转换为“const v8::String::Utf8Value &” [C:\0_me\webtrc_sha\node_modules\uws\build\uws.vcxproj]
C:\0_me\webtrc_sha\node_modules\uws\src\addon.h(37,1): message : 原因如下: 无法从“const v8::Local<v8::Value>”转换为“const v8::String::Utf8Value” [C:\0_me\webtrc_sha\node_modules\uws\build\uws.vcxproj]
C:\0_me\webtrc_sha\node_modules\uws\src\addon.h(37,65): message : 没有可用于执行该转换的用户定义的转换运算符，或者无法调用该运算符 [C:\0_me\webtrc_sha\node_modules\uws\build\uws.vcxproj]
C:\Users\sha\AppData\Local\node-gyp\Cache\16.11.1\include\node\v8.h(3588,5): message : 参见“v8::String::Utf8Value::Utf8Value”的声明 [C:\0_me\webtrc_sha\node_modules\uws\build\uws.vcxproj]
C:\0_me\webtrc_sha\node_modules\uws\src\addon.h(45,71): warning C4996: 'v8::ArrayBuffer::GetContents': Use GetBackingStore. See http://crbug.com/v8/9908. [C:\0_me\webtrc_sha\node_modules\uws\build\uws.vcxproj]
C:\0_me\webtrc_sha\node_modules\uws\src\addon.h(50,57): warning C4996: 'v8::ArrayBuffer::GetContents': Use GetBackingStore. See http://crbug.com/v8/9908. [C:\0_me\webtrc_sha\node_modules\uws\build\uws.vcxproj]
C:\0_me\webtrc_sha\node_modules\uws\src\addon.h(102,174): error C2039: "kNormalString": 不是 "v8::String" 的成员 [C:\0_me\webtrc_sha\node_modules\uws\build\uws.vcxproj]
C:\Users\sha\AppData\Local\node-gyp\Cache\16.11.1\include\node\v8.h(3198): message : 参见“v8::String”的声明 [C:\0_me\webtrc_sha\node_modules\uws\build\uws.vcxproj]
C:\0_me\webtrc_sha\node_modules\uws\src\addon.h(102,187): error C2065: “kNormalString”: 未声明的标识符 [C:\0_me\webtrc_sha\node_modules\uws\build\uws.vcxproj]
C:\0_me\webtrc_sha\node_modules\uws\src\addon.h(223,60): error C2660: “v8::Value::ToObject”: 函数不接受 0 个参数 [C:\0_me\webtrc_sha\node_modules\uws\build\uws.vcxproj]
C:\Users\sha\AppData\Local\node-gyp\Cache\16.11.1\include\node\v8.h(3060,44): message : 参见“v8::Value::ToObject”的声明 [C:\0_me\webtrc_sha\node_modules\uws\build\uws.vcxproj]
C:\0_me\webtrc_sha\node_modules\uws\src\addon.h(225,44): error C2660: “v8::Value::IntegerValue”: 函数不接受 0 个参数 [C:\0_me\webtrc_sha\node_modules\uws\build\uws.vcxproj]
C:\Users\sha\AppData\Local\node-gyp\Cache\16.11.1\include\node\v8.h(3101,40): message : 参见“v8::Value::IntegerValue”的声明 [C:\0_me\webtrc_sha\node_modules\uws\build\uws.vcxproj]
C:\0_me\webtrc_sha\node_modules\uws\src\addon.h(339,15): warning C4996: 'node::MakeCallback': 被声明为已否决 [C:\0_me\webtrc_sha\node_modules\uws\build\uws.vcxproj]
C:\0_me\webtrc_sha\node_modules\uws\src\addon.h(403,1): error C2660: “v8::Function::Call”: 函数不接受 3 个参数 [C:\0_me\webtrc_sha\node_modules\uws\build\uws.vcxproj]
C:\Users\sha\AppData\Local\node-gyp\Cache\16.11.1\include\node\v8.h(4776,43): message : 参见“v8::Function::Call”的声明 [C:\0_me\webtrc_sha\node_modules\uws\build\uws.vcxproj]
C:\0_me\webtrc_sha\node_modules\uws\src\addon.h(416,48): error C2660: “v8::Value::IntegerValue”: 函数不接受 0 个参数 [C:\0_me\webtrc_sha\node_modules\uws\build\uws.vcxproj]
C:\Users\sha\AppData\Local\node-gyp\Cache\16.11.1\include\node\v8.h(3101,40): message : 参见“v8::Value::IntegerValue”的声明 [C:\0_me\webtrc_sha\node_modules\uws\build\uws.vcxproj]
C:\0_me\webtrc_sha\node_modules\uws\src\addon.h(425,38): error C2660: “v8::Value::IntegerValue”: 函数不接受 0 个参数 [C:\0_me\webtrc_sha\node_modules\uws\build\uws.vcxproj]
C:\Users\sha\AppData\Local\node-gyp\Cache\16.11.1\include\node\v8.h(3101,40): message : 参见“v8::Value::IntegerValue”的声明 [C:\0_me\webtrc_sha\node_modules\uws\build\uws.vcxproj]
C:\0_me\webtrc_sha\node_modules\uws\src\http.h(31,123): error C2039: "kNormalString": 不是 "v8::String" 的成员 [C:\0_me\webtrc_sha\node_modules\uws\build\uws.vcxproj]
C:\Users\sha\AppData\Local\node-gyp\Cache\16.11.1\include\node\v8.h(3198): message : 参见“v8::String”的声明 [C:\0_me\webtrc_sha\node_modules\uws\build\uws.vcxproj]
C:\0_me\webtrc_sha\node_modules\uws\src\http.h(31,1): error C2065: “kNormalString”: 未声明的标识符 [C:\0_me\webtrc_sha\node_modules\uws\build\uws.vcxproj]
C:\0_me\webtrc_sha\node_modules\uws\src\http.h(42,1): warning C4311: “类型强制转换”: 从“void *”到“long”的指针截断 [C:\0_me\webtrc_sha\node_modules\uws\build\uws.vcxproj]
C:\0_me\webtrc_sha\node_modules\uws\src\http.h(42,1): warning C4302: “类型强制转换”: 从“void *”到“long”截断 [C:\0_me\webtrc_sha\node_modules\uws\build\uws.vcxproj]
C:\0_me\webtrc_sha\node_modules\uws\src\http.h(45,112): error C2039: "kNormalString": 不是 "v8::String" 的成员 [C:\0_me\webtrc_sha\node_modules\uws\build\uws.vcxproj]
C:\Users\sha\AppData\Local\node-gyp\Cache\16.11.1\include\node\v8.h(3198): message : 参见“v8::String”的声明 [C:\0_me\webtrc_sha\node_modules\uws\build\uws.vcxproj]
C:\0_me\webtrc_sha\node_modules\uws\src\http.h(45,1): error C2065: “kNormalString”: 未声明的标识符 [C:\0_me\webtrc_sha\node_modules\uws\build\uws.vcxproj]
C:\0_me\webtrc_sha\node_modules\uws\src\http.h(48,112): error C2039: "kNormalString": 不是 "v8::String" 的成员 [C:\0_me\webtrc_sha\node_modules\uws\build\uws.vcxproj]
C:\Users\sha\AppData\Local\node-gyp\Cache\16.11.1\include\node\v8.h(3198): message : 参见“v8::String”的声明 [C:\0_me\webtrc_sha\node_modules\uws\build\uws.vcxproj]
C:\0_me\webtrc_sha\node_modules\uws\src\http.h(48,1): error C2065: “kNormalString”: 未声明的标识符 [C:\0_me\webtrc_sha\node_modules\uws\build\uws.vcxproj]
C:\0_me\webtrc_sha\node_modules\uws\src\http.h(51,113): error C2039: "kNormalString": 不是 "v8::String" 的成员 [C:\0_me\webtrc_sha\node_modules\uws\build\uws.vcxproj]
C:\Users\sha\AppData\Local\node-gyp\Cache\16.11.1\include\node\v8.h(3198): message : 参见“v8::String”的声明 [C:\0_me\webtrc_sha\node_modules\uws\build\uws.vcxproj]
C:\0_me\webtrc_sha\node_modules\uws\src\http.h(51,1): error C2065: “kNormalString”: 未声明的标识符 [C:\0_me\webtrc_sha\node_modules\uws\build\uws.vcxproj]
C:\0_me\webtrc_sha\node_modules\uws\src\http.h(54,113): error C2039: "kNormalString": 不是 "v8::String" 的成员 [C:\0_me\webtrc_sha\node_modules\uws\build\uws.vcxproj]
C:\Users\sha\AppData\Local\node-gyp\Cache\16.11.1\include\node\v8.h(3198): message : 参见“v8::String”的声明 [C:\0_me\webtrc_sha\node_modules\uws\build\uws.vcxproj]
C:\0_me\webtrc_sha\node_modules\uws\src\http.h(54,1): error C2065: “kNormalString”: 未声明的标识符 [C:\0_me\webtrc_sha\node_modules\uws\build\uws.vcxproj]
C:\0_me\webtrc_sha\node_modules\uws\src\http.h(57,114): error C2039: "kNormalString": 不是 "v8::String" 的成员 [C:\0_me\webtrc_sha\node_modules\uws\build\uws.vcxproj]
C:\Users\sha\AppData\Local\node-gyp\Cache\16.11.1\include\node\v8.h(3198): message : 参见“v8::String”的声明 [C:\0_me\webtrc_sha\node_modules\uws\build\uws.vcxproj]
C:\0_me\webtrc_sha\node_modules\uws\src\http.h(57,1): error C2065: “kNormalString”: 未声明的标识符 [C:\0_me\webtrc_sha\node_modules\uws\build\uws.vcxproj]
C:\0_me\webtrc_sha\node_modules\uws\src\http.h(60,114): error C2039: "kNormalString": 不是 "v8::String" 的成员 [C:\0_me\webtrc_sha\node_modules\uws\build\uws.vcxproj]
C:\Users\sha\AppData\Local\node-gyp\Cache\16.11.1\include\node\v8.h(3198): message : 参见“v8::String”的声明 [C:\0_me\webtrc_sha\node_modules\uws\build\uws.vcxproj]
C:\0_me\webtrc_sha\node_modules\uws\src\http.h(60,1): error C2065: “kNormalString”: 未声明的标识符 [C:\0_me\webtrc_sha\node_modules\uws\build\uws.vcxproj]
C:\0_me\webtrc_sha\node_modules\uws\src\http.h(63,115): error C2039: "kNormalString": 不是 "v8::String" 的成员 [C:\0_me\webtrc_sha\node_modules\uws\build\uws.vcxproj]
C:\Users\sha\AppData\Local\node-gyp\Cache\16.11.1\include\node\v8.h(3198): message : 参见“v8::String”的声明 [C:\0_me\webtrc_sha\node_modules\uws\build\uws.vcxproj]
C:\0_me\webtrc_sha\node_modules\uws\src\http.h(63,1): error C2065: “kNormalString”: 未声明的标识符 [C:\0_me\webtrc_sha\node_modules\uws\build\uws.vcxproj]
C:\0_me\webtrc_sha\node_modules\uws\src\http.h(66,116): error C2039: "kNormalString": 不是 "v8::String" 的成员 [C:\0_me\webtrc_sha\node_modules\uws\build\uws.vcxproj]
C:\Users\sha\AppData\Local\node-gyp\Cache\16.11.1\include\node\v8.h(3198): message : 参见“v8::String”的声明 [C:\0_me\webtrc_sha\node_modules\uws\build\uws.vcxproj]
C:\0_me\webtrc_sha\node_modules\uws\src\http.h(66,1): error C2065: “kNormalString”: 未声明的标识符 [C:\0_me\webtrc_sha\node_modules\uws\build\uws.vcxproj]
C:\0_me\webtrc_sha\node_modules\uws\src\http.h(69,116): error C2039: "kNormalString": 不是 "v8::String" 的成员 [C:\0_me\webtrc_sha\node_modules\uws\build\uws.vcxproj]
C:\Users\sha\AppData\Local\node-gyp\Cache\16.11.1\include\node\v8.h(3198): message : 参见“v8::String”的声明 [C:\0_me\webtrc_sha\node_modules\uws\build\uws.vcxproj]
C:\0_me\webtrc_sha\node_modules\uws\src\http.h(69,1): error C2065: “kNormalString”: 未声明的标识符 [C:\0_me\webtrc_sha\node_modules\uws\build\uws.vcxproj]
C:\0_me\webtrc_sha\node_modules\uws\src\http.h(90,1): error C2664: “void v8::FunctionTemplate::SetClassName(v8::Local<v8::String>)”: 无法将参数 1 从“v8::MaybeLocal<v8::String>”转换为“v8::Local<v8::String>” [C:\0_me\webtrc_sha\node_modules\uws\build\uws.vcxproj]
C:\0_me\webtrc_sha\node_modules\uws\src\http.h(90,63): message : 没有可用于执行该转换的用户定义的转换运算符，或者无法调用该运算符 [C:\0_me\webtrc_sha\node_modules\uws\build\uws.vcxproj]
C:\Users\sha\AppData\Local\node-gyp\Cache\16.11.1\include\node\v8.h(6868,8): message : 参见“v8::FunctionTemplate::SetClassName”的声明 [C:\0_me\webtrc_sha\node_modules\uws\build\uws.vcxproj]
C:\0_me\webtrc_sha\node_modules\uws\src\http.h(92,1): error C2664: “void v8::ObjectTemplate::SetAccessor(v8::Local<v8::String>,v8::AccessorGetterCallback,v8::AccessorSetterCallback,v8::Local<v8::Value>,v8::AccessControl,v8::PropertyAttribute,v8::Local<v8::AccessorSignature>,v8::SideEffectType,v8::SideEffectType)”: 无法将参数 1 从“v8::MaybeLocal<v8::String>”转换为“v8::Local<v8::String>” [C:\0_me\webtrc_sha\node_modules\uws\build\uws.vcxproj]
C:\0_me\webtrc_sha\node_modules\uws\src\http.h(92,83): message : 没有可用于执行该转换的用户定义的转换运算符，或者无法调用该运算符 [C:\0_me\webtrc_sha\node_modules\uws\build\uws.vcxproj]
C:\Users\sha\AppData\Local\node-gyp\Cache\16.11.1\include\node\v8.h(7133,8): message : 参见“v8::ObjectTemplate::SetAccessor”的声明 [C:\0_me\webtrc_sha\node_modules\uws\build\uws.vcxproj]
C:\0_me\webtrc_sha\node_modules\uws\src\http.h(93,1): error C2664: “void v8::ObjectTemplate::SetAccessor(v8::Local<v8::String>,v8::AccessorGetterCallback,v8::AccessorSetterCallback,v8::Local<v8::Value>,v8::AccessControl,v8::PropertyAttribute,v8::Local<v8::AccessorSignature>,v8::SideEffectType,v8::SideEffectType)”: 无法将参数 1 从“v8::MaybeLocal<v8::String>”转换为“v8::Local<v8::String>” [C:\0_me\webtrc_sha\node_modules\uws\build\uws.vcxproj]
C:\0_me\webtrc_sha\node_modules\uws\src\http.h(93,83): message : 没有可用于执行该转换的用户定义的转换运算符，或者无法调用该运算符 [C:\0_me\webtrc_sha\node_modules\uws\build\uws.vcxproj]
C:\Users\sha\AppData\Local\node-gyp\Cache\16.11.1\include\node\v8.h(7133,8): message : 参见“v8::ObjectTemplate::SetAccessor”的声明 [C:\0_me\webtrc_sha\node_modules\uws\build\uws.vcxproj]
C:\0_me\webtrc_sha\node_modules\uws\src\http.h(94,1): error C2664: “void v8::Template::Set(v8::Local<v8::Name>,v8::Local<v8::Data>,v8::PropertyAttribute)”: 无法将参数 1 从“v8::MaybeLocal<v8::String>”转换为“v8::Local<v8::Name>” [C:\0_me\webtrc_sha\node_modules\uws\build\uws.vcxproj]
C:\0_me\webtrc_sha\node_modules\uws\src\http.h(94,75): message : 没有可用于执行该转换的用户定义的转换运算符，或者无法调用该运算符 [C:\0_me\webtrc_sha\node_modules\uws\build\uws.vcxproj]
C:\Users\sha\AppData\Local\node-gyp\Cache\16.11.1\include\node\v8.h(6347,8): message : 参见“v8::Template::Set”的声明 [C:\0_me\webtrc_sha\node_modules\uws\build\uws.vcxproj]
C:\0_me\webtrc_sha\node_modules\uws\src\http.h(95,1): error C2664: “void v8::Template::Set(v8::Local<v8::Name>,v8::Local<v8::Data>,v8::PropertyAttribute)”: 无法将参数 1 从“v8::MaybeLocal<v8::String>”转换为“v8::Local<v8::Name>” [C:\0_me\webtrc_sha\node_modules\uws\build\uws.vcxproj]
C:\0_me\webtrc_sha\node_modules\uws\src\http.h(95,75): message : 没有可用于执行该转换的用户定义的转换运算符，或者无法调用该运算符 [C:\0_me\webtrc_sha\node_modules\uws\build\uws.vcxproj]
C:\Users\sha\AppData\Local\node-gyp\Cache\16.11.1\include\node\v8.h(6347,8): message : 参见“v8::Template::Set”的声明 [C:\0_me\webtrc_sha\node_modules\uws\build\uws.vcxproj]
C:\0_me\webtrc_sha\node_modules\uws\src\http.h(96,1): error C2664: “void v8::Template::Set(v8::Local<v8::Name>,v8::Local<v8::Data>,v8::PropertyAttribute)”: 无法将参数 1 从“v8::MaybeLocal<v8::String>”转换为“v8::Local<v8::Name>” [C:\0_me\webtrc_sha\node_modules\uws\build\uws.vcxproj]
C:\0_me\webtrc_sha\node_modules\uws\src\http.h(96,75): message : 没有可用于执行该转换的用户定义的转换运算符，或者无法调用该运算符 [C:\0_me\webtrc_sha\node_modules\uws\build\uws.vcxproj]
C:\Users\sha\AppData\Local\node-gyp\Cache\16.11.1\include\node\v8.h(6347,8): message : 参见“v8::Template::Set”的声明 [C:\0_me\webtrc_sha\node_modules\uws\build\uws.vcxproj]
C:\0_me\webtrc_sha\node_modules\uws\src\http.h(97,1): error C2664: “void v8::Template::Set(v8::Local<v8::Name>,v8::Local<v8::Data>,v8::PropertyAttribute)”: 无法将参数 1 从“v8::MaybeLocal<v8::String>”转换为“v8::Local<v8::Name>” [C:\0_me\webtrc_sha\node_modules\uws\build\uws.vcxproj]
C:\0_me\webtrc_sha\node_modules\uws\src\http.h(97,75): message : 没有可用于执行该转换的用户定义的转换运算符，或者无法调用该运算符 [C:\0_me\webtrc_sha\node_modules\uws\build\uws.vcxproj]
C:\Users\sha\AppData\Local\node-gyp\Cache\16.11.1\include\node\v8.h(6347,8): message : 参见“v8::Template::Set”的声明 [C:\0_me\webtrc_sha\node_modules\uws\build\uws.vcxproj]
C:\0_me\webtrc_sha\node_modules\uws\src\http.h(99,1): error C2660: “v8::FunctionTemplate::GetFunction”: 函数不接受 0 个参数 [C:\0_me\webtrc_sha\node_modules\uws\build\uws.vcxproj]
C:\Users\sha\AppData\Local\node-gyp\Cache\16.11.1\include\node\v8.h(6802,46): message : 参见“v8::FunctionTemplate::GetFunction”的声明 [C:\0_me\webtrc_sha\node_modules\uws\build\uws.vcxproj]
C:\0_me\webtrc_sha\node_modules\uws\src\http.h(102,30): error C2039: "SetNamedPropertyHandler": 不是 "v8::ObjectTemplate" 的成员 [C:\0_me\webtrc_sha\node_modules\uws\build\uws.vcxproj]
C:\Users\sha\AppData\Local\node-gyp\Cache\16.11.1\include\node\v8.h(7094): message : 参见“v8::ObjectTemplate”的声明 [C:\0_me\webtrc_sha\node_modules\uws\build\uws.vcxproj]
C:\0_me\webtrc_sha\node_modules\uws\src\http.h(104,1): error C2660: “v8::ObjectTemplate::NewInstance”: 函数不接受 0 个参数 [C:\0_me\webtrc_sha\node_modules\uws\build\uws.vcxproj]
C:\Users\sha\AppData\Local\node-gyp\Cache\16.11.1\include\node\v8.h(7102,44): message : 参见“v8::ObjectTemplate::NewInstance”的声明 [C:\0_me\webtrc_sha\node_modules\uws\build\uws.vcxproj]
C:\0_me\webtrc_sha\node_modules\uws\src\http.h(104,1): error C2661: “v8::Object::Set”: 没有重载函数接受 1 个参数 [C:\0_me\webtrc_sha\node_modules\uws\build\uws.vcxproj]
C:\0_me\webtrc_sha\node_modules\uws\src\http.h(137,1): error C2660: “v8::Value::IntegerValue”: 函数不接受 0 个参数 [C:\0_me\webtrc_sha\node_modules\uws\build\uws.vcxproj]
C:\Users\sha\AppData\Local\node-gyp\Cache\16.11.1\include\node\v8.h(3101,40): message : 参见“v8::Value::IntegerValue”的声明 [C:\0_me\webtrc_sha\node_modules\uws\build\uws.vcxproj]
C:\0_me\webtrc_sha\node_modules\uws\src\http.h(147,1): error C2660: “v8::Value::ToObject”: 函数不接受 0 个参数 [C:\0_me\webtrc_sha\node_modules\uws\build\uws.vcxproj]
C:\Users\sha\AppData\Local\node-gyp\Cache\16.11.1\include\node\v8.h(3060,44): message : 参见“v8::Value::ToObject”的声明 [C:\0_me\webtrc_sha\node_modules\uws\build\uws.vcxproj]
C:\0_me\webtrc_sha\node_modules\uws\src\http.h(148,1): error C2661: “v8::Object::GetOwnPropertyNames”: 没有重载函数接受 0 个参数 [C:\0_me\webtrc_sha\node_modules\uws\build\uws.vcxproj]
C:\0_me\webtrc_sha\node_modules\uws\src\http.h(149,39): warning C4018: “<”: 有符号/无符号不匹配 [C:\0_me\webtrc_sha\node_modules\uws\build\uws.vcxproj]
C:\0_me\webtrc_sha\node_modules\uws\src\http.h(150,1): error C2661: “v8::Object::Get”: 没有重载函数接受 1 个参数 [C:\0_me\webtrc_sha\node_modules\uws\build\uws.vcxproj]
C:\0_me\webtrc_sha\node_modules\uws\src\http.h(151,1): error C2661: “v8::Object::Get”: 没有重载函数接受 1 个参数 [C:\0_me\webtrc_sha\node_modules\uws\build\uws.vcxproj]
C:\0_me\webtrc_sha\node_modules\uws\src\http.h(188,1): error C2664: “void v8::FunctionTemplate::SetClassName(v8::Local<v8::String>)”: 无法将参数 1 从“v8::MaybeLocal<v8::String>”转换为“v8::Local<v8::String>” [C:\0_me\webtrc_sha\node_modules\uws\build\uws.vcxproj]
C:\0_me\webtrc_sha\node_modules\uws\src\http.h(188,63): message : 没有可用于执行该转换的用户定义的转换运算符，或者无法调用该运算符 [C:\0_me\webtrc_sha\node_modules\uws\build\uws.vcxproj]
C:\Users\sha\AppData\Local\node-gyp\Cache\16.11.1\include\node\v8.h(6868,8): message : 参见“v8::FunctionTemplate::SetClassName”的声明 [C:\0_me\webtrc_sha\node_modules\uws\build\uws.vcxproj]
C:\0_me\webtrc_sha\node_modules\uws\src\http.h(190,1): error C2664: “void v8::Template::Set(v8::Local<v8::Name>,v8::Local<v8::Data>,v8::PropertyAttribute)”: 无法将参数 1 从“v8::MaybeLocal<v8::String>”转换为“v8::Local<v8::Name>” [C:\0_me\webtrc_sha\node_modules\uws\build\uws.vcxproj]
C:\0_me\webtrc_sha\node_modules\uws\src\http.h(190,75): message : 没有可用于执行该转换的用户定义的转换运算符，或者无法调用该运算符 [C:\0_me\webtrc_sha\node_modules\uws\build\uws.vcxproj]
C:\Users\sha\AppData\Local\node-gyp\Cache\16.11.1\include\node\v8.h(6347,8): message : 参见“v8::Template::Set”的声明 [C:\0_me\webtrc_sha\node_modules\uws\build\uws.vcxproj]
C:\0_me\webtrc_sha\node_modules\uws\src\http.h(191,1): error C2664: “void v8::Template::Set(v8::Local<v8::Name>,v8::Local<v8::Data>,v8::PropertyAttribute)”: 无法将参数 1 从“v8::MaybeLocal<v8::String>”转换为“v8::Local<v8::Name>” [C:\0_me\webtrc_sha\node_modules\uws\build\uws.vcxproj]
C:\0_me\webtrc_sha\node_modules\uws\src\http.h(191,75): message : 没有可用于执行该转换的用户定义的转换运算符，或者无法调用该运算符 [C:\0_me\webtrc_sha\node_modules\uws\build\uws.vcxproj]
C:\Users\sha\AppData\Local\node-gyp\Cache\16.11.1\include\node\v8.h(6347,8): message : 参见“v8::Template::Set”的声明 [C:\0_me\webtrc_sha\node_modules\uws\build\uws.vcxproj]
C:\0_me\webtrc_sha\node_modules\uws\src\http.h(192,1): error C2664: “void v8::Template::Set(v8::Local<v8::Name>,v8::Local<v8::Data>,v8::PropertyAttribute)”: 无法将参数 1 从“v8::MaybeLocal<v8::String>”转换为“v8::Local<v8::Name>” [C:\0_me\webtrc_sha\node_modules\uws\build\uws.vcxproj]
C:\0_me\webtrc_sha\node_modules\uws\src\http.h(192,75): message : 没有可用于执行该转换的用户定义的转换运算符，或者无法调用该运算符 [C:\0_me\webtrc_sha\node_modules\uws\build\uws.vcxproj]
C:\Users\sha\AppData\Local\node-gyp\Cache\16.11.1\include\node\v8.h(6347,8): message : 参见“v8::Template::Set”的声明 [C:\0_me\webtrc_sha\node_modules\uws\build\uws.vcxproj]
C:\0_me\webtrc_sha\node_modules\uws\src\http.h(193,1): error C2664: “void v8::Template::Set(v8::Local<v8::Name>,v8::Local<v8::Data>,v8::PropertyAttribute)”: 无法将参数 1 从“v8::MaybeLocal<v8::String>”转换为“v8::Local<v8::Name>” [C:\0_me\webtrc_sha\node_modules\uws\build\uws.vcxproj]
C:\0_me\webtrc_sha\node_modules\uws\src\http.h(193,75): message : 没有可用于执行该转换的用户定义的转换运算符，或者无法调用该运算符 [C:\0_me\webtrc_sha\node_modules\uws\build\uws.vcxproj]
C:\Users\sha\AppData\Local\node-gyp\Cache\16.11.1\include\node\v8.h(6347,8): message : 参见“v8::Template::Set”的声明 [C:\0_me\webtrc_sha\node_modules\uws\build\uws.vcxproj]
C:\0_me\webtrc_sha\node_modules\uws\src\http.h(194,1): error C2664: “void v8::Template::Set(v8::Local<v8::Name>,v8::Local<v8::Data>,v8::PropertyAttribute)”: 无法将参数 1 从“v8::MaybeLocal<v8::String>”转换为“v8::Local<v8::Name>” [C:\0_me\webtrc_sha\node_modules\uws\build\uws.vcxproj]
C:\0_me\webtrc_sha\node_modules\uws\src\http.h(194,75): message : 没有可用于执行该转换的用户定义的转换运算符，或者无法调用该运算符 [C:\0_me\webtrc_sha\node_modules\uws\build\uws.vcxproj]
C:\Users\sha\AppData\Local\node-gyp\Cache\16.11.1\include\node\v8.h(6347,8): message : 参见“v8::Template::Set”的声明 [C:\0_me\webtrc_sha\node_modules\uws\build\uws.vcxproj]
C:\0_me\webtrc_sha\node_modules\uws\src\http.h(195,1): error C2664: “void v8::Template::Set(v8::Local<v8::Name>,v8::Local<v8::Data>,v8::PropertyAttribute)”: 无法将参数 1 从“v8::MaybeLocal<v8::String>”转换为“v8::Local<v8::Name>” [C:\0_me\webtrc_sha\node_modules\uws\build\uws.vcxproj]
C:\0_me\webtrc_sha\node_modules\uws\src\http.h(195,75): message : 没有可用于执行该转换的用户定义的转换运算符，或者无法调用该运算符 [C:\0_me\webtrc_sha\node_modules\uws\build\uws.vcxproj]
C:\Users\sha\AppData\Local\node-gyp\Cache\16.11.1\include\node\v8.h(6347,8): message : 参见“v8::Template::Set”的声明 [C:\0_me\webtrc_sha\node_modules\uws\build\uws.vcxproj]
C:\0_me\webtrc_sha\node_modules\uws\src\http.h(196,1): error C2660: “v8::FunctionTemplate::GetFunction”: 函数不接受 0 个参数 [C:\0_me\webtrc_sha\node_modules\uws\build\uws.vcxproj]
C:\Users\sha\AppData\Local\node-gyp\Cache\16.11.1\include\node\v8.h(6802,46): message : 参见“v8::FunctionTemplate::GetFunction”的声明 [C:\0_me\webtrc_sha\node_modules\uws\build\uws.vcxproj]
C:\0_me\webtrc_sha\node_modules\uws\src\http.h(226,1): warning C4312: “类型强制转换”: 从“long”转换到更大的“void *” [C:\0_me\webtrc_sha\node_modules\uws\build\uws.vcxproj]
C:\0_me\webtrc_sha\node_modules\uws\src\http.h(227,116): error C2039: "kNormalString": 不是 "v8::String" 的成员 [C:\0_me\webtrc_sha\node_modules\uws\build\uws.vcxproj]
C:\Users\sha\AppData\Local\node-gyp\Cache\16.11.1\include\node\v8.h(3198): message : 参见“v8::String”的声明 [C:\0_me\webtrc_sha\node_modules\uws\build\uws.vcxproj]
C:\0_me\webtrc_sha\node_modules\uws\src\http.h(227,1): error C2065: “kNormalString”: 未声明的标识符 [C:\0_me\webtrc_sha\node_modules\uws\build\uws.vcxproj]
C:\0_me\webtrc_sha\node_modules\uws\src\http.h(227,1): error C2660: “v8::Object::SetInternalField”: 函数不接受 1 个参数 [C:\0_me\webtrc_sha\node_modules\uws\build\uws.vcxproj]
C:\Users\sha\AppData\Local\node-gyp\Cache\16.11.1\include\node\v8.h(4198,8): message : 参见“v8::Object::SetInternalField”的声明 [C:\0_me\webtrc_sha\node_modules\uws\build\uws.vcxproj]
C:\0_me\webtrc_sha\node_modules\uws\src\http.h(230,1): error C2660: “v8::Function::Call”: 函数不接受 3 个参数 [C:\0_me\webtrc_sha\node_modules\uws\build\uws.vcxproj]
C:\Users\sha\AppData\Local\node-gyp\Cache\16.11.1\include\node\v8.h(4776,43): message : 参见“v8::Function::Call”的声明 [C:\0_me\webtrc_sha\node_modules\uws\build\uws.vcxproj]
C:\0_me\webtrc_sha\node_modules\uws\src\http.h(236,1): error C2660: “v8::Function::Call”: 函数不接受 3 个参数 [C:\0_me\webtrc_sha\node_modules\uws\build\uws.vcxproj]
C:\Users\sha\AppData\Local\node-gyp\Cache\16.11.1\include\node\v8.h(4776,43): message : 参见“v8::Function::Call”的声明 [C:\0_me\webtrc_sha\node_modules\uws\build\uws.vcxproj]
C:\0_me\webtrc_sha\node_modules\uws\src\http.h(242,1): error C2660: “v8::Function::Call”: 函数不接受 3 个参数 [C:\0_me\webtrc_sha\node_modules\uws\build\uws.vcxproj]
C:\Users\sha\AppData\Local\node-gyp\Cache\16.11.1\include\node\v8.h(4776,43): message : 参见“v8::Function::Call”的声明 [C:\0_me\webtrc_sha\node_modules\uws\build\uws.vcxproj]
C:\0_me\webtrc_sha\node_modules\uws\src\http.h(235,57): warning C4996: 'v8::ArrayBuffer::New': Use the version that takes a BackingStore. See http://crbug.com/v8/9908. [C:\0_me\webtrc_sha\node_modules\uws\build\uws.vcxproj]
C:\0_me\webtrc_sha\node_modules\uws\src\http.h(265,1): error C2660: “v8::Function::Call”: 函数不接受 3 个参数 [C:\0_me\webtrc_sha\node_modules\uws\build\uws.vcxproj]
C:\Users\sha\AppData\Local\node-gyp\Cache\16.11.1\include\node\v8.h(4776,43): message : 参见“v8::Function::Call”的声明 [C:\0_me\webtrc_sha\node_modules\uws\build\uws.vcxproj]
C:\0_me\webtrc_sha\node_modules\uws\src\http.h(280,1): error C2660: “v8::Function::Call”: 函数不接受 3 个参数 [C:\0_me\webtrc_sha\node_modules\uws\build\uws.vcxproj]
C:\Users\sha\AppData\Local\node-gyp\Cache\16.11.1\include\node\v8.h(4776,43): message : 参见“v8::Function::Call”的声明 [C:\0_me\webtrc_sha\node_modules\uws\build\uws.vcxproj]
C:\0_me\webtrc_sha\node_modules\uws\src\http.h(286,1): error C2660: “v8::Function::Call”: 函数不接受 3 个参数 [C:\0_me\webtrc_sha\node_modules\uws\build\uws.vcxproj]
C:\Users\sha\AppData\Local\node-gyp\Cache\16.11.1\include\node\v8.h(4776,43): message : 参见“v8::Function::Call”的声明 [C:\0_me\webtrc_sha\node_modules\uws\build\uws.vcxproj]
C:\0_me\webtrc_sha\node_modules\uws\src\http.h(279,53): warning C4996: 'v8::ArrayBuffer::New': Use the version that takes a BackingStore. See http://crbug.com/v8/9908. [C:\0_me\webtrc_sha\node_modules\uws\build\uws.vcxproj]
C:\0_me\webtrc_sha\node_modules\uws\src\http.h(293,1): error C2661: “v8::Function::NewInstance”: 没有重载函数接受 0 个参数 [C:\0_me\webtrc_sha\node_modules\uws\build\uws.vcxproj]
C:\0_me\webtrc_sha\node_modules\uws\src\http.h(308,1): error C2660: “v8::Value::IntegerValue”: 函数不接受 0 个参数 [C:\0_me\webtrc_sha\node_modules\uws\build\uws.vcxproj]
C:\Users\sha\AppData\Local\node-gyp\Cache\16.11.1\include\node\v8.h(3101,40): message : 参见“v8::Value::IntegerValue”的声明 [C:\0_me\webtrc_sha\node_modules\uws\build\uws.vcxproj]
C:\0_me\webtrc_sha\node_modules\uws\src\http.h(311,1): error C2660: “v8::Function::Call”: 函数不接受 3 个参数 [C:\0_me\webtrc_sha\node_modules\uws\build\uws.vcxproj]
C:\Users\sha\AppData\Local\node-gyp\Cache\16.11.1\include\node\v8.h(4776,43): message : 参见“v8::Function::Call”的声明 [C:\0_me\webtrc_sha\node_modules\uws\build\uws.vcxproj]
C:\0_me\webtrc_sha\node_modules\uws\src\http.h(320,1): error C2661: “v8::Object::Get”: 没有重载函数接受 1 个参数 [C:\0_me\webtrc_sha\node_modules\uws\build\uws.vcxproj]
C:\0_me\webtrc_sha\node_modules\uws\src\http.h(321,1): error C2661: “v8::Object::Get”: 没有重载函数接受 1 个参数 [C:\0_me\webtrc_sha\node_modules\uws\build\uws.vcxproj]
C:\0_me\webtrc_sha\node_modules\uws\src\http.h(327,1): error C2661: “v8::Function::NewInstance”: 没有重载函数接受 0 个参数 [C:\0_me\webtrc_sha\node_modules\uws\build\uws.vcxproj]
C:\0_me\webtrc_sha\node_modules\uws\src\http.h(343,1): error C2664: “void v8::Template::Set(v8::Local<v8::Name>,v8::Local<v8::Data>,v8::PropertyAttribute)”: 无法将参数 1 从“v8::MaybeLocal<v8::String>”转换为“v8::Local<v8::Name>” [C:\0_me\webtrc_sha\node_modules\uws\build\uws.vcxproj]
C:\0_me\webtrc_sha\node_modules\uws\src\http.h(343,44): message : 没有可用于执行该转换的用户定义的转换运算符，或者无法调用该运算符 [C:\0_me\webtrc_sha\node_modules\uws\build\uws.vcxproj]
C:\Users\sha\AppData\Local\node-gyp\Cache\16.11.1\include\node\v8.h(6347,8): message : 参见“v8::Template::Set”的声明 [C:\0_me\webtrc_sha\node_modules\uws\build\uws.vcxproj]
C:\0_me\webtrc_sha\node_modules\uws\src\http.h(344,1): error C2664: “void v8::Template::Set(v8::Local<v8::Name>,v8::Local<v8::Data>,v8::PropertyAttribute)”: 无法将参数 1 从“v8::MaybeLocal<v8::String>”转换为“v8::Local<v8::Name>” [C:\0_me\webtrc_sha\node_modules\uws\build\uws.vcxproj]
C:\0_me\webtrc_sha\node_modules\uws\src\http.h(344,44): message : 没有可用于执行该转换的用户定义的转换运算符，或者无法调用该运算符 [C:\0_me\webtrc_sha\node_modules\uws\build\uws.vcxproj]
C:\Users\sha\AppData\Local\node-gyp\Cache\16.11.1\include\node\v8.h(6347,8): message : 参见“v8::Template::Set”的声明 [C:\0_me\webtrc_sha\node_modules\uws\build\uws.vcxproj]
C:\0_me\webtrc_sha\node_modules\uws\src\http.h(345,1): error C2664: “void v8::Template::Set(v8::Local<v8::Name>,v8::Local<v8::Data>,v8::PropertyAttribute)”: 无法将参数 1 从“v8::MaybeLocal<v8::String>”转换为“v8::Local<v8::Name>” [C:\0_me\webtrc_sha\node_modules\uws\build\uws.vcxproj]
C:\0_me\webtrc_sha\node_modules\uws\src\http.h(345,44): message : 没有可用于执行该转换的用户定义的转换运算符，或者无法调用该运算符 [C:\0_me\webtrc_sha\node_modules\uws\build\uws.vcxproj]
C:\Users\sha\AppData\Local\node-gyp\Cache\16.11.1\include\node\v8.h(6347,8): message : 参见“v8::Template::Set”的声明 [C:\0_me\webtrc_sha\node_modules\uws\build\uws.vcxproj]
C:\0_me\webtrc_sha\node_modules\uws\src\http.h(346,1): error C2664: “void v8::Template::Set(v8::Local<v8::Name>,v8::Local<v8::Data>,v8::PropertyAttribute)”: 无法将参数 1 从“v8::MaybeLocal<v8::String>”转换为“v8::Local<v8::Name>” [C:\0_me\webtrc_sha\node_modules\uws\build\uws.vcxproj]
C:\0_me\webtrc_sha\node_modules\uws\src\http.h(346,44): message : 没有可用于执行该转换的用户定义的转换运算符，或者无法调用该运算符 [C:\0_me\webtrc_sha\node_modules\uws\build\uws.vcxproj]
C:\Users\sha\AppData\Local\node-gyp\Cache\16.11.1\include\node\v8.h(6347,8): message : 参见“v8::Template::Set”的声明 [C:\0_me\webtrc_sha\node_modules\uws\build\uws.vcxproj]
C:\0_me\webtrc_sha\node_modules\uws\src\http.h(347,1): error C2664: “void v8::Template::Set(v8::Local<v8::Name>,v8::Local<v8::Data>,v8::PropertyAttribute)”: 无法将参数 1 从“v8::MaybeLocal<v8::String>”转换为“v8::Local<v8::Name>” [C:\0_me\webtrc_sha\node_modules\uws\build\uws.vcxproj]
C:\0_me\webtrc_sha\node_modules\uws\src\http.h(347,65): message : 没有可用于执行该转换的用户定义的转换运算符，或者无法调用该运算符 [C:\0_me\webtrc_sha\node_modules\uws\build\uws.vcxproj]
C:\Users\sha\AppData\Local\node-gyp\Cache\16.11.1\include\node\v8.h(6347,8): message : 参见“v8::Template::Set”的声明 [C:\0_me\webtrc_sha\node_modules\uws\build\uws.vcxproj]
C:\0_me\webtrc_sha\node_modules\uws\src\http.h(348,1): error C2664: “void v8::Template::Set(v8::Local<v8::Name>,v8::Local<v8::Data>,v8::PropertyAttribute)”: 无法将参数 1 从“v8::MaybeLocal<v8::String>”转换为“v8::Local<v8::Name>” [C:\0_me\webtrc_sha\node_modules\uws\build\uws.vcxproj]
C:\0_me\webtrc_sha\node_modules\uws\src\http.h(348,65): message : 没有可用于执行该转换的用户定义的转换运算符，或者无法调用该运算符 [C:\0_me\webtrc_sha\node_modules\uws\build\uws.vcxproj]
C:\Users\sha\AppData\Local\node-gyp\Cache\16.11.1\include\node\v8.h(6347,8): message : 参见“v8::Template::Set”的声明 [C:\0_me\webtrc_sha\node_modules\uws\build\uws.vcxproj]
C:\0_me\webtrc_sha\node_modules\uws\src\http.h(353,1): error C2660: “v8::FunctionTemplate::GetFunction”: 函数不接受 0 个参数 [C:\0_me\webtrc_sha\node_modules\uws\build\uws.vcxproj]
C:\Users\sha\AppData\Local\node-gyp\Cache\16.11.1\include\node\v8.h(6802,46): message : 参见“v8::FunctionTemplate::GetFunction”的声明 [C:\0_me\webtrc_sha\node_modules\uws\build\uws.vcxproj]
C:\0_me\webtrc_sha\node_modules\uws\src\addon.cpp(8,96): error C2661: “v8::Object::Set”: 没有重载函数接受 2 个参数 [C:\0_me\webtrc_sha\node_modules\uws\build\uws.vcxproj]
C:\0_me\webtrc_sha\node_modules\uws\src\addon.cpp(9,96): error C2661: “v8::Object::Set”: 没有重载函数接受 2 个参数 [C:\0_me\webtrc_sha\node_modules\uws\build\uws.vcxproj]
C:\0_me\webtrc_sha\node_modules\uws\src\addon.cpp(10,96): error C2661: “v8::Object::Set”: 没有重载函数接受 2 个参数 [C:\0_me\webtrc_sha\node_modules\uws\build\uws.vcxproj]
gyp ERR! build error 
gyp ERR! stack Error: `C:\Program Files (x86)\Microsoft Visual Studio\2019\Community\MSBuild\Current\Bin\MSBuild.exe` failed with exit code: 1
gyp ERR! stack     at ChildProcess.onExit (C:\Program Files\nodejs\node_modules\npm\node_modules\node-gyp\lib\build.js:194:23)
gyp ERR! stack     at ChildProcess.emit (node:events:390:28)
gyp ERR! stack     at Process.ChildProcess._handle.onexit (node:internal/child_process:290:12)
gyp ERR! System Windows_NT 10.0.19042
gyp ERR! command "C:\\Program Files\\nodejs\\node.exe" "C:\\Program Files\\nodejs\\node_modules\\npm\\node_modules\\node-gyp\\bin\\node-gyp.js" "rebuild"
gyp ERR! cwd C:\0_me\webtrc_sha\node_modules\uws
gyp ERR! node -v v16.11.1
gyp ERR! node-gyp -v v8.2.0
gyp ERR! not ok 
